[2023-08-13 16:54:10] local.ERROR: During inheritance of ArrayAccess: Uncaught ErrorException: Return type of Illuminate\Database\Eloquent\Model::offsetExists($offset) should either be compatible with ArrayAccess::offsetExists(mixed $offset): bool, or the #[\ReturnTypeWillChange] attribute should be used to temporarily suppress the notice in /home/penta/test3.99penta.net/vendor/laravel/framework/src/Illuminate/Database/Eloquent/Model.php:1807
Stack trace:
#0 /home/penta/test3.99penta.net/vendor/laravel/framework/src/Illuminate/Database/Eloquent/Model.php(23): Illuminate\Foundation\Bootstrap\HandleExceptions->handleError()
#1 /home/penta/test3.99penta.net/vendor/composer/ClassLoader.php(444): include('/home/penta/tes...')
#2 /home/penta/test3.99penta.net/vendor/composer/ClassLoader.php(322): Composer\Autoload\includeFile()
#3 /home/penta/test3.99penta.net/vendor/laravel/framework/src/Illuminate/Database/DatabaseServiceProvider.php(42): Composer\Autoload\ClassLoader->loadClass()
#4 /home/penta/test3.99penta.net/vendor/laravel/framework/src/Illuminate/Foundation/Application.php(657): Illuminate\Database\DatabaseServiceProvider->register()
#5 /home/penta/test3.99penta.net/vendor/laravel/framework/src/Illuminate/Foundation/ProviderRepository.php(75): Illuminate\Foundation\Application->register()
#6 /home/penta/test3.99penta.net/vendor/laravel/framework/src/Illuminate/Foundation/Application.php(634): Illuminate\Foundation\ProviderRepository->load()
#7 /home/penta/test3.99penta.net/vendor/laravel/framework/src/Illuminate/Foundation/Bootstrap/RegisterProviders.php(17): Illuminate\Foundation\Application->registerConfiguredProviders()
#8 /home/penta/test3.99penta.net/vendor/laravel/framework/src/Illuminate/Foundation/Application.php(237): Illuminate\Foundation\Bootstrap\RegisterProviders->bootstrap()
#9 /home/penta/test3.99penta.net/vendor/laravel/framework/src/Illuminate/Foundation/Http/Kernel.php(152): Illuminate\Foundation\Application->bootstrapWith()
#10 /home/penta/test3.99penta.net/vendor/laravel/framework/src/Illuminate/Foundation/Http/Kernel.php(136): Illuminate\Foundation\Http\Kernel->bootstrap()
#11 /home/penta/test3.99penta.net/vendor/laravel/framework/src/Illuminate/Foundation/Http/Kernel.php(110): Illuminate\Foundation\Http\Kernel->sendRequestThroughRouter()
#12 /home/penta/test3.99penta.net/public/index.php(52): Illuminate\Foundation\Http\Kernel->handle()
#13 {main} {"exception":"[object] (Symfony\\Component\\ErrorHandler\\Error\\FatalError(code: 0): During inheritance of ArrayAccess: Uncaught ErrorException: Return type of Illuminate\\Database\\Eloquent\\Model::offsetExists($offset) should either be compatible with ArrayAccess::offsetExists(mixed $offset): bool, or the #[\\ReturnTypeWillChange] attribute should be used to temporarily suppress the notice in /home/penta/test3.99penta.net/vendor/laravel/framework/src/Illuminate/Database/Eloquent/Model.php:1807
Stack trace:
#0 /home/penta/test3.99penta.net/vendor/laravel/framework/src/Illuminate/Database/Eloquent/Model.php(23): Illuminate\\Foundation\\Bootstrap\\HandleExceptions->handleError()
#1 /home/penta/test3.99penta.net/vendor/composer/ClassLoader.php(444): include('/home/penta/tes...')
#2 /home/penta/test3.99penta.net/vendor/composer/ClassLoader.php(322): Composer\\Autoload\\includeFile()
#3 /home/penta/test3.99penta.net/vendor/laravel/framework/src/Illuminate/Database/DatabaseServiceProvider.php(42): Composer\\Autoload\\ClassLoader->loadClass()
#4 /home/penta/test3.99penta.net/vendor/laravel/framework/src/Illuminate/Foundation/Application.php(657): Illuminate\\Database\\DatabaseServiceProvider->register()
#5 /home/penta/test3.99penta.net/vendor/laravel/framework/src/Illuminate/Foundation/ProviderRepository.php(75): Illuminate\\Foundation\\Application->register()
#6 /home/penta/test3.99penta.net/vendor/laravel/framework/src/Illuminate/Foundation/Application.php(634): Illuminate\\Foundation\\ProviderRepository->load()
#7 /home/penta/test3.99penta.net/vendor/laravel/framework/src/Illuminate/Foundation/Bootstrap/RegisterProviders.php(17): Illuminate\\Foundation\\Application->registerConfiguredProviders()
#8 /home/penta/test3.99penta.net/vendor/laravel/framework/src/Illuminate/Foundation/Application.php(237): Illuminate\\Foundation\\Bootstrap\\RegisterProviders->bootstrap()
#9 /home/penta/test3.99penta.net/vendor/laravel/framework/src/Illuminate/Foundation/Http/Kernel.php(152): Illuminate\\Foundation\\Application->bootstrapWith()
#10 /home/penta/test3.99penta.net/vendor/laravel/framework/src/Illuminate/Foundation/Http/Kernel.php(136): Illuminate\\Foundation\\Http\\Kernel->bootstrap()
#11 /home/penta/test3.99penta.net/vendor/laravel/framework/src/Illuminate/Foundation/Http/Kernel.php(110): Illuminate\\Foundation\\Http\\Kernel->sendRequestThroughRouter()
#12 /home/penta/test3.99penta.net/public/index.php(52): Illuminate\\Foundation\\Http\\Kernel->handle()
#13 {main} at /home/penta/test3.99penta.net/vendor/laravel/framework/src/Illuminate/Database/Eloquent/Model.php:23)
[stacktrace]
#0 {main}
"} 
[2023-08-13 16:54:54] local.ERROR: During inheritance of ArrayAccess: Uncaught ErrorException: Return type of Illuminate\Database\Eloquent\Model::offsetExists($offset) should either be compatible with ArrayAccess::offsetExists(mixed $offset): bool, or the #[\ReturnTypeWillChange] attribute should be used to temporarily suppress the notice in /home/penta/test3.99penta.net/vendor/laravel/framework/src/Illuminate/Database/Eloquent/Model.php:1807
Stack trace:
#0 /home/penta/test3.99penta.net/vendor/laravel/framework/src/Illuminate/Database/Eloquent/Model.php(23): Illuminate\Foundation\Bootstrap\HandleExceptions->handleError()
#1 /home/penta/test3.99penta.net/vendor/composer/ClassLoader.php(444): include('/home/penta/tes...')
#2 /home/penta/test3.99penta.net/vendor/composer/ClassLoader.php(322): Composer\Autoload\includeFile()
#3 /home/penta/test3.99penta.net/vendor/laravel/framework/src/Illuminate/Database/DatabaseServiceProvider.php(42): Composer\Autoload\ClassLoader->loadClass()
#4 /home/penta/test3.99penta.net/vendor/laravel/framework/src/Illuminate/Foundation/Application.php(657): Illuminate\Database\DatabaseServiceProvider->register()
#5 /home/penta/test3.99penta.net/vendor/laravel/framework/src/Illuminate/Foundation/ProviderRepository.php(75): Illuminate\Foundation\Application->register()
#6 /home/penta/test3.99penta.net/vendor/laravel/framework/src/Illuminate/Foundation/Application.php(634): Illuminate\Foundation\ProviderRepository->load()
#7 /home/penta/test3.99penta.net/vendor/laravel/framework/src/Illuminate/Foundation/Bootstrap/RegisterProviders.php(17): Illuminate\Foundation\Application->registerConfiguredProviders()
#8 /home/penta/test3.99penta.net/vendor/laravel/framework/src/Illuminate/Foundation/Application.php(237): Illuminate\Foundation\Bootstrap\RegisterProviders->bootstrap()
#9 /home/penta/test3.99penta.net/vendor/laravel/framework/src/Illuminate/Foundation/Http/Kernel.php(152): Illuminate\Foundation\Application->bootstrapWith()
#10 /home/penta/test3.99penta.net/vendor/laravel/framework/src/Illuminate/Foundation/Http/Kernel.php(136): Illuminate\Foundation\Http\Kernel->bootstrap()
#11 /home/penta/test3.99penta.net/vendor/laravel/framework/src/Illuminate/Foundation/Http/Kernel.php(110): Illuminate\Foundation\Http\Kernel->sendRequestThroughRouter()
#12 /home/penta/test3.99penta.net/public/index.php(52): Illuminate\Foundation\Http\Kernel->handle()
#13 {main} {"exception":"[object] (Symfony\\Component\\ErrorHandler\\Error\\FatalError(code: 0): During inheritance of ArrayAccess: Uncaught ErrorException: Return type of Illuminate\\Database\\Eloquent\\Model::offsetExists($offset) should either be compatible with ArrayAccess::offsetExists(mixed $offset): bool, or the #[\\ReturnTypeWillChange] attribute should be used to temporarily suppress the notice in /home/penta/test3.99penta.net/vendor/laravel/framework/src/Illuminate/Database/Eloquent/Model.php:1807
Stack trace:
#0 /home/penta/test3.99penta.net/vendor/laravel/framework/src/Illuminate/Database/Eloquent/Model.php(23): Illuminate\\Foundation\\Bootstrap\\HandleExceptions->handleError()
#1 /home/penta/test3.99penta.net/vendor/composer/ClassLoader.php(444): include('/home/penta/tes...')
#2 /home/penta/test3.99penta.net/vendor/composer/ClassLoader.php(322): Composer\\Autoload\\includeFile()
#3 /home/penta/test3.99penta.net/vendor/laravel/framework/src/Illuminate/Database/DatabaseServiceProvider.php(42): Composer\\Autoload\\ClassLoader->loadClass()
#4 /home/penta/test3.99penta.net/vendor/laravel/framework/src/Illuminate/Foundation/Application.php(657): Illuminate\\Database\\DatabaseServiceProvider->register()
#5 /home/penta/test3.99penta.net/vendor/laravel/framework/src/Illuminate/Foundation/ProviderRepository.php(75): Illuminate\\Foundation\\Application->register()
#6 /home/penta/test3.99penta.net/vendor/laravel/framework/src/Illuminate/Foundation/Application.php(634): Illuminate\\Foundation\\ProviderRepository->load()
#7 /home/penta/test3.99penta.net/vendor/laravel/framework/src/Illuminate/Foundation/Bootstrap/RegisterProviders.php(17): Illuminate\\Foundation\\Application->registerConfiguredProviders()
#8 /home/penta/test3.99penta.net/vendor/laravel/framework/src/Illuminate/Foundation/Application.php(237): Illuminate\\Foundation\\Bootstrap\\RegisterProviders->bootstrap()
#9 /home/penta/test3.99penta.net/vendor/laravel/framework/src/Illuminate/Foundation/Http/Kernel.php(152): Illuminate\\Foundation\\Application->bootstrapWith()
#10 /home/penta/test3.99penta.net/vendor/laravel/framework/src/Illuminate/Foundation/Http/Kernel.php(136): Illuminate\\Foundation\\Http\\Kernel->bootstrap()
#11 /home/penta/test3.99penta.net/vendor/laravel/framework/src/Illuminate/Foundation/Http/Kernel.php(110): Illuminate\\Foundation\\Http\\Kernel->sendRequestThroughRouter()
#12 /home/penta/test3.99penta.net/public/index.php(52): Illuminate\\Foundation\\Http\\Kernel->handle()
#13 {main} at /home/penta/test3.99penta.net/vendor/laravel/framework/src/Illuminate/Database/Eloquent/Model.php:23)
[stacktrace]
#0 {main}
"} 
[2023-08-13 16:55:28] local.ERROR: During inheritance of ArrayAccess: Uncaught ErrorException: Return type of Illuminate\Database\Eloquent\Model::offsetExists($offset) should either be compatible with ArrayAccess::offsetExists(mixed $offset): bool, or the #[\ReturnTypeWillChange] attribute should be used to temporarily suppress the notice in /home/penta/test3.99penta.net/vendor/laravel/framework/src/Illuminate/Database/Eloquent/Model.php:1807
Stack trace:
#0 /home/penta/test3.99penta.net/vendor/laravel/framework/src/Illuminate/Database/Eloquent/Model.php(23): Illuminate\Foundation\Bootstrap\HandleExceptions->handleError()
#1 /home/penta/test3.99penta.net/vendor/composer/ClassLoader.php(444): include('/home/penta/tes...')
#2 /home/penta/test3.99penta.net/vendor/composer/ClassLoader.php(322): Composer\Autoload\includeFile()
#3 /home/penta/test3.99penta.net/vendor/laravel/framework/src/Illuminate/Database/DatabaseServiceProvider.php(42): Composer\Autoload\ClassLoader->loadClass()
#4 /home/penta/test3.99penta.net/vendor/laravel/framework/src/Illuminate/Foundation/Application.php(657): Illuminate\Database\DatabaseServiceProvider->register()
#5 /home/penta/test3.99penta.net/vendor/laravel/framework/src/Illuminate/Foundation/ProviderRepository.php(75): Illuminate\Foundation\Application->register()
#6 /home/penta/test3.99penta.net/vendor/laravel/framework/src/Illuminate/Foundation/Application.php(634): Illuminate\Foundation\ProviderRepository->load()
#7 /home/penta/test3.99penta.net/vendor/laravel/framework/src/Illuminate/Foundation/Bootstrap/RegisterProviders.php(17): Illuminate\Foundation\Application->registerConfiguredProviders()
#8 /home/penta/test3.99penta.net/vendor/laravel/framework/src/Illuminate/Foundation/Application.php(237): Illuminate\Foundation\Bootstrap\RegisterProviders->bootstrap()
#9 /home/penta/test3.99penta.net/vendor/laravel/framework/src/Illuminate/Foundation/Http/Kernel.php(152): Illuminate\Foundation\Application->bootstrapWith()
#10 /home/penta/test3.99penta.net/vendor/laravel/framework/src/Illuminate/Foundation/Http/Kernel.php(136): Illuminate\Foundation\Http\Kernel->bootstrap()
#11 /home/penta/test3.99penta.net/vendor/laravel/framework/src/Illuminate/Foundation/Http/Kernel.php(110): Illuminate\Foundation\Http\Kernel->sendRequestThroughRouter()
#12 /home/penta/test3.99penta.net/public/index.php(52): Illuminate\Foundation\Http\Kernel->handle()
#13 {main} {"exception":"[object] (Symfony\\Component\\ErrorHandler\\Error\\FatalError(code: 0): During inheritance of ArrayAccess: Uncaught ErrorException: Return type of Illuminate\\Database\\Eloquent\\Model::offsetExists($offset) should either be compatible with ArrayAccess::offsetExists(mixed $offset): bool, or the #[\\ReturnTypeWillChange] attribute should be used to temporarily suppress the notice in /home/penta/test3.99penta.net/vendor/laravel/framework/src/Illuminate/Database/Eloquent/Model.php:1807
Stack trace:
#0 /home/penta/test3.99penta.net/vendor/laravel/framework/src/Illuminate/Database/Eloquent/Model.php(23): Illuminate\\Foundation\\Bootstrap\\HandleExceptions->handleError()
#1 /home/penta/test3.99penta.net/vendor/composer/ClassLoader.php(444): include('/home/penta/tes...')
#2 /home/penta/test3.99penta.net/vendor/composer/ClassLoader.php(322): Composer\\Autoload\\includeFile()
#3 /home/penta/test3.99penta.net/vendor/laravel/framework/src/Illuminate/Database/DatabaseServiceProvider.php(42): Composer\\Autoload\\ClassLoader->loadClass()
#4 /home/penta/test3.99penta.net/vendor/laravel/framework/src/Illuminate/Foundation/Application.php(657): Illuminate\\Database\\DatabaseServiceProvider->register()
#5 /home/penta/test3.99penta.net/vendor/laravel/framework/src/Illuminate/Foundation/ProviderRepository.php(75): Illuminate\\Foundation\\Application->register()
#6 /home/penta/test3.99penta.net/vendor/laravel/framework/src/Illuminate/Foundation/Application.php(634): Illuminate\\Foundation\\ProviderRepository->load()
#7 /home/penta/test3.99penta.net/vendor/laravel/framework/src/Illuminate/Foundation/Bootstrap/RegisterProviders.php(17): Illuminate\\Foundation\\Application->registerConfiguredProviders()
#8 /home/penta/test3.99penta.net/vendor/laravel/framework/src/Illuminate/Foundation/Application.php(237): Illuminate\\Foundation\\Bootstrap\\RegisterProviders->bootstrap()
#9 /home/penta/test3.99penta.net/vendor/laravel/framework/src/Illuminate/Foundation/Http/Kernel.php(152): Illuminate\\Foundation\\Application->bootstrapWith()
#10 /home/penta/test3.99penta.net/vendor/laravel/framework/src/Illuminate/Foundation/Http/Kernel.php(136): Illuminate\\Foundation\\Http\\Kernel->bootstrap()
#11 /home/penta/test3.99penta.net/vendor/laravel/framework/src/Illuminate/Foundation/Http/Kernel.php(110): Illuminate\\Foundation\\Http\\Kernel->sendRequestThroughRouter()
#12 /home/penta/test3.99penta.net/public/index.php(52): Illuminate\\Foundation\\Http\\Kernel->handle()
#13 {main} at /home/penta/test3.99penta.net/vendor/laravel/framework/src/Illuminate/Database/Eloquent/Model.php:23)
[stacktrace]
#0 {main}
"} 
[2023-08-13 16:55:31] local.ERROR: During inheritance of ArrayAccess: Uncaught ErrorException: Return type of Illuminate\Database\Eloquent\Model::offsetExists($offset) should either be compatible with ArrayAccess::offsetExists(mixed $offset): bool, or the #[\ReturnTypeWillChange] attribute should be used to temporarily suppress the notice in /home/penta/test3.99penta.net/vendor/laravel/framework/src/Illuminate/Database/Eloquent/Model.php:1807
Stack trace:
#0 /home/penta/test3.99penta.net/vendor/laravel/framework/src/Illuminate/Database/Eloquent/Model.php(23): Illuminate\Foundation\Bootstrap\HandleExceptions->handleError()
#1 /home/penta/test3.99penta.net/vendor/composer/ClassLoader.php(444): include('/home/penta/tes...')
#2 /home/penta/test3.99penta.net/vendor/composer/ClassLoader.php(322): Composer\Autoload\includeFile()
#3 /home/penta/test3.99penta.net/vendor/laravel/framework/src/Illuminate/Database/DatabaseServiceProvider.php(42): Composer\Autoload\ClassLoader->loadClass()
#4 /home/penta/test3.99penta.net/vendor/laravel/framework/src/Illuminate/Foundation/Application.php(657): Illuminate\Database\DatabaseServiceProvider->register()
#5 /home/penta/test3.99penta.net/vendor/laravel/framework/src/Illuminate/Foundation/ProviderRepository.php(75): Illuminate\Foundation\Application->register()
#6 /home/penta/test3.99penta.net/vendor/laravel/framework/src/Illuminate/Foundation/Application.php(634): Illuminate\Foundation\ProviderRepository->load()
#7 /home/penta/test3.99penta.net/vendor/laravel/framework/src/Illuminate/Foundation/Bootstrap/RegisterProviders.php(17): Illuminate\Foundation\Application->registerConfiguredProviders()
#8 /home/penta/test3.99penta.net/vendor/laravel/framework/src/Illuminate/Foundation/Application.php(237): Illuminate\Foundation\Bootstrap\RegisterProviders->bootstrap()
#9 /home/penta/test3.99penta.net/vendor/laravel/framework/src/Illuminate/Foundation/Http/Kernel.php(152): Illuminate\Foundation\Application->bootstrapWith()
#10 /home/penta/test3.99penta.net/vendor/laravel/framework/src/Illuminate/Foundation/Http/Kernel.php(136): Illuminate\Foundation\Http\Kernel->bootstrap()
#11 /home/penta/test3.99penta.net/vendor/laravel/framework/src/Illuminate/Foundation/Http/Kernel.php(110): Illuminate\Foundation\Http\Kernel->sendRequestThroughRouter()
#12 /home/penta/test3.99penta.net/public/index.php(52): Illuminate\Foundation\Http\Kernel->handle()
#13 {main} {"exception":"[object] (Symfony\\Component\\ErrorHandler\\Error\\FatalError(code: 0): During inheritance of ArrayAccess: Uncaught ErrorException: Return type of Illuminate\\Database\\Eloquent\\Model::offsetExists($offset) should either be compatible with ArrayAccess::offsetExists(mixed $offset): bool, or the #[\\ReturnTypeWillChange] attribute should be used to temporarily suppress the notice in /home/penta/test3.99penta.net/vendor/laravel/framework/src/Illuminate/Database/Eloquent/Model.php:1807
Stack trace:
#0 /home/penta/test3.99penta.net/vendor/laravel/framework/src/Illuminate/Database/Eloquent/Model.php(23): Illuminate\\Foundation\\Bootstrap\\HandleExceptions->handleError()
#1 /home/penta/test3.99penta.net/vendor/composer/ClassLoader.php(444): include('/home/penta/tes...')
#2 /home/penta/test3.99penta.net/vendor/composer/ClassLoader.php(322): Composer\\Autoload\\includeFile()
#3 /home/penta/test3.99penta.net/vendor/laravel/framework/src/Illuminate/Database/DatabaseServiceProvider.php(42): Composer\\Autoload\\ClassLoader->loadClass()
#4 /home/penta/test3.99penta.net/vendor/laravel/framework/src/Illuminate/Foundation/Application.php(657): Illuminate\\Database\\DatabaseServiceProvider->register()
#5 /home/penta/test3.99penta.net/vendor/laravel/framework/src/Illuminate/Foundation/ProviderRepository.php(75): Illuminate\\Foundation\\Application->register()
#6 /home/penta/test3.99penta.net/vendor/laravel/framework/src/Illuminate/Foundation/Application.php(634): Illuminate\\Foundation\\ProviderRepository->load()
#7 /home/penta/test3.99penta.net/vendor/laravel/framework/src/Illuminate/Foundation/Bootstrap/RegisterProviders.php(17): Illuminate\\Foundation\\Application->registerConfiguredProviders()
#8 /home/penta/test3.99penta.net/vendor/laravel/framework/src/Illuminate/Foundation/Application.php(237): Illuminate\\Foundation\\Bootstrap\\RegisterProviders->bootstrap()
#9 /home/penta/test3.99penta.net/vendor/laravel/framework/src/Illuminate/Foundation/Http/Kernel.php(152): Illuminate\\Foundation\\Application->bootstrapWith()
#10 /home/penta/test3.99penta.net/vendor/laravel/framework/src/Illuminate/Foundation/Http/Kernel.php(136): Illuminate\\Foundation\\Http\\Kernel->bootstrap()
#11 /home/penta/test3.99penta.net/vendor/laravel/framework/src/Illuminate/Foundation/Http/Kernel.php(110): Illuminate\\Foundation\\Http\\Kernel->sendRequestThroughRouter()
#12 /home/penta/test3.99penta.net/public/index.php(52): Illuminate\\Foundation\\Http\\Kernel->handle()
#13 {main} at /home/penta/test3.99penta.net/vendor/laravel/framework/src/Illuminate/Database/Eloquent/Model.php:23)
[stacktrace]
#0 {main}
"} 
